['02-10 14:07:13'][DEBUG] init (topic_modeling_module.py:20)
['02-10 14:07:13'][INFO ] loading Matlab module... (topic_modeling_module.py:25)
['02-10 14:07:18'][INFO ] Done: loading Matlab module (topic_modeling_module.py:28)
['02-10 14:07:18'][INFO ]  * Running on http://0.0.0.0:5000/ (Press CTRL+C to quit) (_internal.py:87)
['02-10 14:08:08'][DEBUG] contents: {'terms': {'include': ['mcdonalds', 'wendys'], 'exclude': ['salad', 'soup']}, 'tiles': [{'level': 12, 'x': 5, 'y': 4}, {'level': 12, 'x': 5, 'y': 6}]} (topic_modeling_system.py:66)
['02-10 14:08:08'][INFO ] 163.152.71.221 - - [10/Feb/2017 14:08:08] "POST /GET_TOPICS/uuid_for_test HTTP/1.1" 500 - (_internal.py:87)
['02-10 14:09:36'][DEBUG] contents: {'parameters': {'word_count': 3, 'topic_count': 3, 'exclude': ['salad', 'soup'], 'time': {'from': 1356998400000, 'to': 1425168000000}, 'exclusiveness': 10, 'include': ['mcdonalds', 'wendys']}, 'tiles': [{'level': 10, 'x': 300, 'y': 638}, {'level': 10, 'x': 301, 'y': 638}]} (topic_modeling_system.py:66)
['02-10 14:09:36'][DEBUG] include keyword: mcdonalds (topic_modeling_system.py:36)
['02-10 14:09:36'][DEBUG] include keyword: wendys (topic_modeling_system.py:36)
['02-10 14:09:36'][DEBUG] exclude keyword: salad (topic_modeling_system.py:38)
['02-10 14:09:36'][DEBUG] exclude keyword: soup (topic_modeling_system.py:38)
['02-10 14:09:36'][DEBUG] x: 300, y: 638, level: 10 (topic_modeling_system.py:42)
['02-10 14:09:36'][DEBUG] x: 301, y: 638, level: 10 (topic_modeling_system.py:42)
['02-10 14:09:36'][DEBUG] get_topics(10, 300, 638) (topic_modeling_module.py:191)
['02-10 14:09:36'][DEBUG] run_topic_modeling(10, 300, 638, 10.00) (topic_modeling_module.py:91)
['02-10 14:09:36'][DEBUG] [308863, 308862, 308861, 307839, 307837, 306815, 306814, 306813] (topic_modeling_module.py:96)
['02-10 14:09:36'][DEBUG] id: 307838 (database_wrapper.py:20)
['02-10 14:09:36'][INFO ] tile_2013_w52_10_300_638_307838_mtx (database_wrapper.py:30)
['02-10 14:09:36'][DEBUG] [[  1.00000000e+00   1.00000000e+00   1.00000000e+00]
 [  2.00000000e+00   1.00000000e+00   1.00000000e+00]
 [  3.00000000e+00   1.00000000e+00   1.00000000e+00]
 ..., 
 [  2.41000000e+02   1.91400000e+03   1.00000000e+00]
 [  6.00000000e+00   1.91400000e+03   1.00000000e+00]
 [  3.61300000e+03   1.91400000e+03   1.00000000e+00]] (database_wrapper.py:42)
['02-10 14:09:36'][DEBUG] id: 308863 (database_wrapper.py:20)
['02-10 14:09:36'][INFO ] tile_2013_w52_10_301_639_308863_mtx (database_wrapper.py:30)
['02-10 14:09:59'][DEBUG] [[  1.79900000e+03   1.00000000e+00   1.00000000e+00]
 [  1.39100000e+03   1.00000000e+00   1.00000000e+00]
 [  2.10000000e+01   1.00000000e+00   1.00000000e+00]
 ..., 
 [  1.27800000e+03   1.95930000e+04   1.00000000e+00]
 [  1.02400000e+03   1.95940000e+04   1.00000000e+00]
 [  2.72500000e+03   1.95940000e+04   1.00000000e+00]] (database_wrapper.py:42)
['02-10 14:09:59'][DEBUG] id: 308862 (database_wrapper.py:20)
['02-10 14:09:59'][INFO ] tile_2013_w52_10_301_638_308862_mtx (database_wrapper.py:30)
['02-10 14:10:08'][DEBUG] [[  5.03000000e+02   1.00000000e+00   1.00000000e+00]
 [  1.73000000e+02   1.00000000e+00   1.00000000e+00]
 [  3.61400000e+03   1.00000000e+00   1.00000000e+00]
 ..., 
 [  4.47100000e+03   1.41830000e+04   1.00000000e+00]
 [  1.19200000e+03   1.41830000e+04   1.00000000e+00]
 [  1.90000000e+02   1.41830000e+04   1.00000000e+00]] (database_wrapper.py:42)
['02-10 14:10:08'][DEBUG] id: 308861 (database_wrapper.py:20)
['02-10 14:10:08'][DEBUG] [] (database_wrapper.py:42)
['02-10 14:10:08'][DEBUG] id: 307839 (database_wrapper.py:20)
['02-10 14:10:08'][DEBUG] [] (database_wrapper.py:42)
['02-10 14:10:08'][DEBUG] id: 307837 (database_wrapper.py:20)
['02-10 14:10:08'][DEBUG] [] (database_wrapper.py:42)
['02-10 14:10:08'][DEBUG] id: 306815 (database_wrapper.py:20)
['02-10 14:10:08'][DEBUG] [] (database_wrapper.py:42)
['02-10 14:10:08'][DEBUG] id: 306814 (database_wrapper.py:20)
['02-10 14:10:08'][DEBUG] [] (database_wrapper.py:42)
['02-10 14:10:08'][DEBUG] id: 306813 (database_wrapper.py:20)
['02-10 14:10:08'][DEBUG] [] (database_wrapper.py:42)
['02-10 14:10:08'][DEBUG] found it, idx: 2 (topic_modeling_module.py:115)
['02-10 14:10:08'][DEBUG] found it, idx: 3 (topic_modeling_module.py:115)
['02-10 14:10:08'][DEBUG] found it, idx: 4 (topic_modeling_module.py:115)
['02-10 14:10:08'][DEBUG] found it, idx: 5 (topic_modeling_module.py:115)
['02-10 14:10:08'][DEBUG] found it, idx: 6 (topic_modeling_module.py:115)
['02-10 14:10:08'][DEBUG] found it, idx: 7 (topic_modeling_module.py:115)
['02-10 14:11:22'][INFO ] 163.152.71.221 - - [10/Feb/2017 14:11:22] "POST /GET_TOPICS/uuid_for_test HTTP/1.1" 500 - (_internal.py:87)
